TN:
SF:src/database.ts
FNF:0
FNH:0
DA:3,1
DA:5,1
LF:2
LH:2
BRF:0
BRH:0
end_of_record
TN:
SF:src/repositories/recommendationRepository.ts
FN:5,create
FN:18,getFindAllFilter
FN:30,findAll
FN:40,getAmountByScore
FN:47,find
FN:53,findByName
FN:59,updateScore
FN:68,remove
FNF:8
FNH:0
FNDA:0,create
FNDA:0,getFindAllFilter
FNDA:0,findAll
FNDA:0,getAmountByScore
FNDA:0,find
FNDA:0,findByName
FNDA:0,updateScore
FNDA:0,remove
DA:6,0
DA:10,0
DA:21,0
DA:23,0
DA:25,0
DA:31,0
DA:33,0
DA:41,0
DA:48,0
DA:54,0
DA:60,0
DA:69,0
DA:74,1
LF:13
LH:1
BRDA:21,0,0,0
BRF:1
BRH:0
end_of_record
TN:
SF:src/services/recommendationsService.ts
FN:7,insert
FN:18,getByIdOrFail
FN:25,upvote
FN:31,downvote
FN:44,get
FN:48,getTop
FN:52,getScoreFilter
FN:60,getByScore
FN:73,getRandom
FNF:9
FNH:1
FNDA:1,insert
FNDA:0,getByIdOrFail
FNDA:0,upvote
FNDA:0,downvote
FNDA:0,get
FNDA:0,getTop
FNDA:0,getScoreFilter
FNDA:0,getByScore
FNDA:0,getRandom
DA:8,1
DA:11,1
DA:12,1
DA:15,0
DA:19,0
DA:20,0
DA:22,0
DA:26,0
DA:28,0
DA:32,0
DA:34,0
DA:39,0
DA:40,0
DA:45,0
DA:49,0
DA:53,0
DA:54,0
DA:57,0
DA:61,0
DA:66,0
DA:67,0
DA:70,0
DA:74,0
DA:75,0
DA:77,0
DA:78,0
DA:79,0
DA:82,0
DA:83,0
DA:86,1
LF:30
LH:4
BRDA:11,0,0,1
BRDA:20,1,0,0
BRDA:39,2,0,0
BRDA:53,3,0,0
BRDA:66,4,0,0
BRDA:78,5,0,0
BRF:6
BRH:1
end_of_record
TN:
SF:src/utils/errorUtils.ts
FN:7,isAppError
FN:11,errorTypeToStatusCode
FN:20,conflictError
FN:24,notFoundError
FN:28,unauthorizedError
FN:32,wrongSchemaError
FNF:6
FNH:1
FNDA:0,isAppError
FNDA:0,errorTypeToStatusCode
FNDA:1,conflictError
FNDA:0,notFoundError
FNDA:0,unauthorizedError
FNDA:0,wrongSchemaError
DA:8,0
DA:12,0
DA:13,0
DA:14,0
DA:15,0
DA:17,0
DA:21,1
DA:25,0
DA:29,0
DA:33,0
LF:10
LH:1
BRDA:12,0,0,0
BRDA:13,1,0,0
BRDA:14,2,0,0
BRDA:15,3,0,0
BRDA:21,4,0,1
BRDA:21,4,1,0
BRDA:21,5,0,1
BRDA:21,5,1,1
BRDA:25,6,0,0
BRDA:25,6,1,0
BRDA:25,7,0,0
BRDA:25,7,1,0
BRDA:29,8,0,0
BRDA:29,8,1,0
BRDA:29,9,0,0
BRDA:29,9,1,0
BRDA:33,10,0,0
BRDA:33,10,1,0
BRDA:33,11,0,0
BRDA:33,11,1,0
BRF:20
BRH:3
end_of_record
